{"/Users/celinedeboeck/Library/Mobile Documents/com~apple~CloudDocs/Developpement/angular/Jest-discovery/app.js": {"path":"/Users/celinedeboeck/Library/Mobile Documents/com~apple~CloudDocs/Developpement/angular/Jest-discovery/app.js","statementMap":{"0":{"start":{"line":1,"column":14},"end":{"line":1,"column":27}},"1":{"start":{"line":3,"column":0},"end":{"line":5,"column":1}}},"fnMap":{},"branchMap":{},"s":{"0":1,"1":1},"f":{},"b":{},"_coverageSchema":"1a1c01bbd47fc00a2c39e90264f33305004495a9","hash":"a1ca595bc2cf91716dd5eea9c956e404a52d5ab0"}
}
